<?xml version="1.0" encoding="UTF-8"?>
<!-- Generated by org.testng.reporters.JUnitReportReporter -->
<testsuite hostname="DESKTOP-G5LMQNA" failures="0" tests="1" name="addProductToCart2" time="3.515" errors="0" timestamp="2023-10-15T19:06:10 GMT-04:00" skipped="0">
  <testcase classname="addProductToCart2" name="initialize" time="3.515"/>
  <system-out/>
</testsuite> <!-- addProductToCart2 -->
