<?xml version="1.0" encoding="UTF-8"?>
<!-- Generated by org.testng.reporters.JUnitReportReporter -->
<testsuite hostname="DESKTOP-G5LMQNA" failures="0" tests="1" name="addProductToCart" time="3.255" errors="0" timestamp="2023-10-15T18:31:49 GMT-04:00" skipped="0">
  <testcase classname="addProductToCart" name="launch" time="3.255"/>
  <system-out/>
</testsuite> <!-- addProductToCart -->
